[    0.000000] Linux version 4.15.0-117-generic (buildd@lcy01-amd64-008) (gcc version 7.5.0 (Ubuntu 7.5.0-3ubuntu1~18.04)) #118-Ubuntu SMP Fri Sep 4 20:02:41 UTC 2020 (Ubuntu 4.15.0-117.118-generic 4.15.18)
[    0.000000] Command line: BOOT_IMAGE=/boot/vmlinuz-4.15.0-117-generic root=LABEL=cloudimg-rootfs ro console=tty1 console=ttyS0
[    0.000000] KERNEL supported cpus:
[    0.000000]   Intel GenuineIntel
[    0.000000]   AMD AuthenticAMD
[    0.000000]   Centaur CentaurHauls
[    0.000000] x86/fpu: Supporting XSAVE feature 0x001: 'x87 floating point registers'
[    0.000000] x86/fpu: Supporting XSAVE feature 0x002: 'SSE registers'
[    0.000000] x86/fpu: Supporting XSAVE feature 0x004: 'AVX registers'
[    0.000000] x86/fpu: xstate_offset[2]:  576, xstate_sizes[2]:  256
[    0.000000] x86/fpu: Enabled xstate features 0x7, context size is 832 bytes, using 'standard' format.
[    0.000000] e820: BIOS-provided physical RAM map:
[    0.000000] BIOS-e820: [mem 0x0000000000000000-0x000000000009fbff] usable
[    0.000000] BIOS-e820: [mem 0x000000000009fc00-0x000000000009ffff] reserved
[    0.000000] BIOS-e820: [mem 0x00000000000f0000-0x00000000000fffff] reserved
[    0.000000] BIOS-e820: [mem 0x0000000000100000-0x000000003ffeffff] usable
[    0.000000] BIOS-e820: [mem 0x000000003fff0000-0x000000003fffffff] ACPI data
[    0.000000] BIOS-e820: [mem 0x00000000fec00000-0x00000000fec00fff] reserved
[    0.000000] BIOS-e820: [mem 0x00000000fee00000-0x00000000fee00fff] reserved
[    0.000000] BIOS-e820: [mem 0x00000000fffc0000-0x00000000ffffffff] reserved
[    0.000000] NX (Execute Disable) protection: active
[    0.000000] SMBIOS 2.5 present.
[    0.000000] DMI: innotek GmbH VirtualBox/VirtualBox, BIOS VirtualBox 12/01/2006
[    0.000000] Hypervisor detected: KVM
[    0.000000] e820: last_pfn = 0x3fff0 max_arch_pfn = 0x400000000
[    0.000000] MTRR: Disabled
[    0.000000] x86/PAT: MTRRs disabled, skipping PAT initialization too.
[    0.000000] CPU MTRRs all blank - virtualized system.
[    0.000000] x86/PAT: Configuration [0-7]: WB  WT  UC- UC  WB  WT  UC- UC  
[    0.000000] found SMP MP-table at [mem 0x0009fff0-0x0009ffff]
[    0.000000] Scanning 1 areas for low memory corruption
[    0.000000] RAMDISK: [mem 0x35a65000-0x36d29fff]
[    0.000000] ACPI: Early table checksum verification disabled
[    0.000000] ACPI: RSDP 0x00000000000E0000 000024 (v02 VBOX  )
[    0.000000] ACPI: XSDT 0x000000003FFF0030 00003C (v01 VBOX   VBOXXSDT 00000001 ASL  00000061)
[    0.000000] ACPI: FACP 0x000000003FFF00F0 0000F4 (v04 VBOX   VBOXFACP 00000001 ASL  00000061)
[    0.000000] ACPI: DSDT 0x000000003FFF0470 002325 (v02 VBOX   VBOXBIOS 00000002 INTL 20100528)
[    0.000000] ACPI: FACS 0x000000003FFF0200 000040
[    0.000000] ACPI: FACS 0x000000003FFF0200 000040
[    0.000000] ACPI: APIC 0x000000003FFF0240 00005C (v02 VBOX   VBOXAPIC 00000001 ASL  00000061)
[    0.000000] ACPI: SSDT 0x000000003FFF02A0 0001CC (v01 VBOX   VBOXCPUT 00000002 INTL 20100528)
[    0.000000] No NUMA configuration found
[    0.000000] Faking a node at [mem 0x0000000000000000-0x000000003ffeffff]
[    0.000000] NODE_DATA(0) allocated [mem 0x3ffc5000-0x3ffeffff]
[    0.000000] kvm-clock: cpu 0, msr 0:3ff44001, primary cpu clock
[    0.000000] kvm-clock: Using msrs 4b564d01 and 4b564d00
[    0.000000] kvm-clock: using sched offset of 3690054084 cycles
[    0.000000] clocksource: kvm-clock: mask: 0xffffffffffffffff max_cycles: 0x1cd42e4dffb, max_idle_ns: 881590591483 ns
[    0.000000] Zone ranges:
[    0.000000]   DMA      [mem 0x0000000000001000-0x0000000000ffffff]
[    0.000000]   DMA32    [mem 0x0000000001000000-0x000000003ffeffff]
[    0.000000]   Normal   empty
[    0.000000]   Device   empty
[    0.000000] Movable zone start for each node
[    0.000000] Early memory node ranges
[    0.000000]   node   0: [mem 0x0000000000001000-0x000000000009efff]
[    0.000000]   node   0: [mem 0x0000000000100000-0x000000003ffeffff]
[    0.000000] Reserved but unavailable: 98 pages
[    0.000000] Initmem setup node 0 [mem 0x0000000000001000-0x000000003ffeffff]
[    0.000000] ACPI: PM-Timer IO Port: 0x4008
[    0.000000] IOAPIC[0]: apic_id 2, version 32, address 0xfec00000, GSI 0-23
[    0.000000] ACPI: INT_SRC_OVR (bus 0 bus_irq 0 global_irq 2 dfl dfl)
[    0.000000] ACPI: INT_SRC_OVR (bus 0 bus_irq 9 global_irq 9 low level)
[    0.000000] Using ACPI (MADT) for SMP configuration information
[    0.000000] smpboot: Allowing 2 CPUs, 0 hotplug CPUs
[    0.000000] PM: Registered nosave memory: [mem 0x00000000-0x00000fff]
[    0.000000] PM: Registered nosave memory: [mem 0x0009f000-0x0009ffff]
[    0.000000] PM: Registered nosave memory: [mem 0x000a0000-0x000effff]
[    0.000000] PM: Registered nosave memory: [mem 0x000f0000-0x000fffff]
[    0.000000] e820: [mem 0x40000000-0xfebfffff] available for PCI devices
[    0.000000] Booting paravirtualized kernel on KVM
[    0.000000] clocksource: refined-jiffies: mask: 0xffffffff max_cycles: 0xffffffff, max_idle_ns: 7645519600211568 ns
[    0.000000] random: get_random_bytes called from start_kernel+0x99/0x500 with crng_init=0
[    0.000000] setup_percpu: NR_CPUS:8192 nr_cpumask_bits:2 nr_cpu_ids:2 nr_node_ids:1
[    0.000000] percpu: Embedded 45 pages/cpu s147456 r8192 d28672 u1048576
[    0.000000] PV qspinlock hash table entries: 256 (order: 0, 4096 bytes)
[    0.000000] Built 1 zonelists, mobility grouping on.  Total pages: 257913
[    0.000000] Policy zone: DMA32
[    0.000000] Kernel command line: BOOT_IMAGE=/boot/vmlinuz-4.15.0-117-generic root=LABEL=cloudimg-rootfs ro console=tty1 console=ttyS0
[    0.000000] Memory: 983028K/1048120K available (12300K kernel code, 2481K rwdata, 4272K rodata, 2436K init, 2724K bss, 65092K reserved, 0K cma-reserved)
[    0.000000] SLUB: HWalign=64, Order=0-3, MinObjects=0, CPUs=2, Nodes=1
[    0.000000] Kernel/User page tables isolation: enabled
[    0.000000] ftrace: allocating 39392 entries in 154 pages
[    0.004000] Hierarchical RCU implementation.
[    0.004000] 	RCU restricting CPUs from NR_CPUS=8192 to nr_cpu_ids=2.
[    0.004000] 	Tasks RCU enabled.
[    0.004000] RCU: Adjusting geometry for rcu_fanout_leaf=16, nr_cpu_ids=2
[    0.004000] NR_IRQS: 524544, nr_irqs: 440, preallocated irqs: 16
[    0.004000] Console: colour VGA+ 80x25
[    0.004000] console [tty1] enabled
[    0.004000] console [ttyS0] enabled
[    0.004000] ACPI: Core revision 20170831
[    0.004000] ACPI: 2 ACPI AML tables successfully acquired and loaded
[    0.004000] APIC: Switch to symmetric I/O mode setup
[    0.004000] x2apic enabled
[    0.004000] Switched APIC routing to physical x2apic.
[    0.004000] ..TIMER: vector=0x30 apic1=0 pin1=2 apic2=-1 pin2=-1
[    0.004003] tsc: Detected 2808.000 MHz processor
[    0.008007] Calibrating delay loop (skipped) preset value.. 5616.00 BogoMIPS (lpj=11232000)
[    0.009826] pid_max: default: 32768 minimum: 301
[    0.010918] Security Framework initialized
[    0.011880] Yama: becoming mindful.
[    0.012017] AppArmor: AppArmor initialized
[    0.014206] Dentry cache hash table entries: 131072 (order: 8, 1048576 bytes)
[    0.016046] Inode-cache hash table entries: 65536 (order: 7, 524288 bytes)
[    0.017588] Mount-cache hash table entries: 2048 (order: 2, 16384 bytes)
[    0.019017] Mountpoint-cache hash table entries: 2048 (order: 2, 16384 bytes)
[    0.020248] Last level iTLB entries: 4KB 64, 2MB 8, 4MB 8
[    0.021435] Last level dTLB entries: 4KB 64, 2MB 0, 4MB 0, 1GB 4
[    0.022649] Spectre V1 : Mitigation: usercopy/swapgs barriers and __user pointer sanitization
[    0.024002] Spectre V2 : Mitigation: Full generic retpoline
[    0.025272] Spectre V2 : Spectre v2 / SpectreRSB mitigation: Filling RSB on context switch
[    0.028001] Speculative Store Bypass: Vulnerable
[    0.029147] SRBDS: Unknown: Dependent on hypervisor status
[    0.030336] MDS: Mitigation: Clear CPU buffers
[    0.032080] Freeing SMP alternatives memory: 36K
[    0.142662] smpboot: CPU0: Intel(R) Core(TM) i7-7700HQ CPU @ 2.80GHz (family: 0x6, model: 0x9e, stepping: 0x9)
[    0.144000] Performance Events: unsupported p6 CPU model 158 no PMU driver, software events only.
[    0.144030] Hierarchical SRCU implementation.
[    0.145492] NMI watchdog: Perf event create on CPU 0 failed with -2
[    0.146722] NMI watchdog: Perf NMI watchdog permanently disabled
[    0.148035] smp: Bringing up secondary CPUs ...
[    0.149034] x86: Booting SMP configuration:
[    0.149918] .... node  #0, CPUs:      #1
[    0.004000] kvm-clock: cpu 1, msr 0:3ff44041, secondary cpu clock
[    0.154374] smp: Brought up 1 node, 2 CPUs
[    0.154374] smpboot: Max logical packages: 1
[    0.156004] smpboot: Total of 2 processors activated (11232.00 BogoMIPS)
[    0.157450] devtmpfs: initialized
[    0.157450] x86/mm: Memory block size: 128MB
[    0.157943] evm: security.selinux
[    0.160002] evm: security.SMACK64
[    0.160731] evm: security.SMACK64EXEC
[    0.161534] evm: security.SMACK64TRANSMUTE
[    0.162450] evm: security.SMACK64MMAP
[    0.163236] evm: security.apparmor
[    0.164002] evm: security.ima
[    0.164661] evm: security.capability
[    0.165466] clocksource: jiffies: mask: 0xffffffff max_cycles: 0xffffffff, max_idle_ns: 7645041785100000 ns
[    0.168010] futex hash table entries: 512 (order: 3, 32768 bytes)
[    0.172016] pinctrl core: initialized pinctrl subsystem
[    0.173270] RTC time: 18:41:22, date: 09/08/20
[    0.176147] NET: Registered protocol family 16
[    0.177224] audit: initializing netlink subsys (disabled)
[    0.178498] audit: type=2000 audit(1599590487.361:1): state=initialized audit_enabled=0 res=1
[    0.180009] cpuidle: using governor ladder
[    0.180883] cpuidle: using governor menu
[    0.181808] ACPI: bus type PCI registered
[    0.182655] acpiphp: ACPI Hot Plug PCI Controller Driver version: 0.5
[    0.184093] PCI: Using configuration type 1 for base access
[    0.185362] HugeTLB registered 2.00 MiB page size, pre-allocated 0 pages
[    0.188073] ACPI: Added _OSI(Module Device)
[    0.188986] ACPI: Added _OSI(Processor Device)
[    0.189909] ACPI: Added _OSI(3.0 _SCP Extensions)
[    0.192003] ACPI: Added _OSI(Processor Aggregator Device)
[    0.193087] ACPI: Added _OSI(Linux-Dell-Video)
[    0.194144] ACPI: Added _OSI(Linux-Lenovo-NV-HDMI-Audio)
[    0.195273] ACPI: Added _OSI(Linux-HPI-Hybrid-Graphics)
[    0.196303] ACPI: Executed 1 blocks of module-level executable AML code
[    0.202745] ACPI: Interpreter enabled
[    0.203605] ACPI: (supports S0 S5)
[    0.204002] ACPI: Using IOAPIC for interrupt routing
[    0.205286] PCI: Using host bridge windows from ACPI; if necessary, use "pci=nocrs" and report a bug
[    0.207842] ACPI: Enabled 2 GPEs in block 00 to 07
[    0.216683] ACPI: PCI Root Bridge [PCI0] (domain 0000 [bus 00-ff])
[    0.217837] acpi PNP0A03:00: _OSC: OS supports [ASPM ClockPM Segments MSI]
[    0.219698] acpi PNP0A03:00: _OSC: not requesting OS control; OS requires [ExtendedConfig ASPM ClockPM MSI]
[    0.220010] acpi PNP0A03:00: fail to add MMCONFIG information, can't access extended PCI configuration space under this bridge.
[    0.224073] PCI host bridge to bus 0000:00
[    0.224882] pci_bus 0000:00: root bus resource [io  0x0000-0x0cf7 window]
[    0.226126] pci_bus 0000:00: root bus resource [io  0x0d00-0xffff window]
[    0.227335] pci_bus 0000:00: root bus resource [mem 0x000a0000-0x000bffff window]
[    0.228002] pci_bus 0000:00: root bus resource [mem 0x40000000-0xfdffffff window]
[    0.229401] pci_bus 0000:00: root bus resource [bus 00-ff]
[    0.233358] pci 0000:00:01.1: legacy IDE quirk: reg 0x10: [io  0x01f0-0x01f7]
[    0.234725] pci 0000:00:01.1: legacy IDE quirk: reg 0x14: [io  0x03f6]
[    0.236000] pci 0000:00:01.1: legacy IDE quirk: reg 0x18: [io  0x0170-0x0177]
[    0.236002] pci 0000:00:01.1: legacy IDE quirk: reg 0x1c: [io  0x0376]
[    0.251078] pci 0000:00:07.0: quirk: [io  0x4000-0x403f] claimed by PIIX4 ACPI
[    0.252017] pci 0000:00:07.0: quirk: [io  0x4100-0x410f] claimed by PIIX4 SMB
[    0.259110] ACPI: PCI Interrupt Link [LNKA] (IRQs 5 9 10 *11)
[    0.260230] ACPI: PCI Interrupt Link [LNKB] (IRQs 5 9 *10 11)
[    0.261562] ACPI: PCI Interrupt Link [LNKC] (IRQs 5 *9 10 11)
[    0.262852] ACPI: PCI Interrupt Link [LNKD] (IRQs 5 9 10 *11)
[    0.264270] SCSI subsystem initialized
[    0.265143] pci 0000:00:02.0: vgaarb: setting as boot VGA device
[    0.265244] pci 0000:00:02.0: vgaarb: VGA device added: decodes=io+mem,owns=io+mem,locks=none
[    0.268004] pci 0000:00:02.0: vgaarb: bridge control possible
[    0.269319] vgaarb: loaded
[    0.270017] ACPI: bus type USB registered
[    0.272014] usbcore: registered new interface driver usbfs
[    0.273187] usbcore: registered new interface driver hub
[    0.274356] usbcore: registered new device driver usb
[    0.276021] EDAC MC: Ver: 3.0.0
[    0.277038] PCI: Using ACPI for IRQ routing
[    0.277178] NetLabel: Initializing
[    0.277966] NetLabel:  domain hash size = 128
[    0.278865] NetLabel:  protocols = UNLABELED CIPSOv4 CALIPSO
[    0.280015] NetLabel:  unlabeled traffic allowed by default
[    0.281230] clocksource: Switched to clocksource kvm-clock
[    0.297016] VFS: Disk quotas dquot_6.6.0
[    0.297927] VFS: Dquot-cache hash table entries: 512 (order 0, 4096 bytes)
[    0.299536] AppArmor: AppArmor Filesystem Enabled
[    0.300894] pnp: PnP ACPI init
[    0.302928] pnp: PnP ACPI: found 3 devices
[    0.314110] clocksource: acpi_pm: mask: 0xffffff max_cycles: 0xffffff, max_idle_ns: 2085701024 ns
[    0.316078] NET: Registered protocol family 2
[    0.317172] TCP established hash table entries: 8192 (order: 4, 65536 bytes)
[    0.318802] TCP bind hash table entries: 8192 (order: 5, 131072 bytes)
[    0.324558] TCP: Hash tables configured (established 8192 bind 8192)
[    0.325980] UDP hash table entries: 512 (order: 2, 16384 bytes)
[    0.327196] UDP-Lite hash table entries: 512 (order: 2, 16384 bytes)
[    0.328733] NET: Registered protocol family 1
[    0.329659] pci 0000:00:00.0: Limiting direct PCI/PCI transfers
[    0.330828] pci 0000:00:01.0: Activating ISA DMA hang workarounds
[    0.332138] pci 0000:00:02.0: Video device with shadowed ROM at [mem 0x000c0000-0x000dffff]
[    0.333923] Unpacking initramfs...
[    0.630342] Freeing initrd memory: 19220K
[    0.631419] clocksource: tsc: mask: 0xffffffffffffffff max_cycles: 0x2879c5f06f2, max_idle_ns: 440795220049 ns
[    0.633667] platform rtc_cmos: registered platform RTC device (no PNP device found)
[    0.635371] Scanning for low memory corruption every 60 seconds
[    0.637489] Initialise system trusted keyrings
[    0.638486] Key type blacklist registered
[    0.639864] workingset: timestamp_bits=36 max_order=18 bucket_order=0
[    0.642339] zbud: loaded
[    0.643701] squashfs: version 4.0 (2009/01/31) Phillip Lougher
[    0.645364] fuse init (API version 7.26)
[    0.649826] Key type asymmetric registered
[    0.650717] Asymmetric key parser 'x509' registered
[    0.651824] Block layer SCSI generic (bsg) driver version 0.4 loaded (major 246)
[    0.654039] io scheduler noop registered
[    0.655261] io scheduler deadline registered
[    0.656649] io scheduler cfq registered (default)
[    0.657964] ACPI: AC Adapter [AC] (off-line)
[    0.658913] input: Power Button as /devices/LNXSYSTM:00/LNXPWRBN:00/input/input0
[    0.660730] ACPI: Power Button [PWRF]
[    0.661611] input: Sleep Button as /devices/LNXSYSTM:00/LNXSLPBN:00/input/input1
[    0.663226] ACPI: Sleep Button [SLPF]
[    0.665204] ACPI: Battery Slot [BAT0] (battery present)
[    0.666322] Serial: 8250/16550 driver, 32 ports, IRQ sharing enabled
[    0.688574] 00:02: ttyS0 at I/O 0x3f8 (irq = 4, base_baud = 115200) is a 16550A
[    0.694565] Linux agpgart interface v0.103
[    0.696940] loop: module loaded
[    0.698236] scsi host0: ata_piix
[    0.699252] scsi host1: ata_piix
[    0.700062] ata1: PATA max UDMA/33 cmd 0x1f0 ctl 0x3f6 bmdma 0xd000 irq 14
[    0.701461] ata2: PATA max UDMA/33 cmd 0x170 ctl 0x376 bmdma 0xd008 irq 15
[    0.703170] libphy: Fixed MDIO Bus: probed
[    0.704007] tun: Universal TUN/TAP device driver, 1.6
[    0.705947] PPP generic driver version 2.4.2
[    0.707012] ehci_hcd: USB 2.0 'Enhanced' Host Controller (EHCI) Driver
[    0.708368] ehci-pci: EHCI PCI platform driver
[    0.709382] ehci-platform: EHCI generic platform driver
[    0.710528] ohci_hcd: USB 1.1 'Open' Host Controller (OHCI) Driver
[    0.711841] ohci-pci: OHCI PCI platform driver
[    0.712894] ohci-platform: OHCI generic platform driver
[    0.713983] uhci_hcd: USB Universal Host Controller Interface driver
[    0.715333] i8042: PNP: PS/2 Controller [PNP0303:PS2K,PNP0f03:PS2M] at 0x60,0x64 irq 1,12
[    0.717565] serio: i8042 KBD port at 0x60,0x64 irq 1
[    0.718665] serio: i8042 AUX port at 0x60,0x64 irq 12
[    0.720394] mousedev: PS/2 mouse device common for all mice
[    0.722253] rtc_cmos rtc_cmos: rtc core: registered rtc_cmos as rtc0
[    0.723626] rtc_cmos rtc_cmos: alarms up to one day, 114 bytes nvram
[    0.725022] input: AT Translated Set 2 keyboard as /devices/platform/i8042/serio0/input/input2
[    0.726784] i2c /dev entries driver
[    0.727731] device-mapper: uevent: version 1.0.3
[    0.728962] device-mapper: ioctl: 4.37.0-ioctl (2017-09-20) initialised: dm-devel@redhat.com
[    0.730898] ledtrig-cpu: registered to indicate activity on CPUs
[    0.732676] NET: Registered protocol family 10
[    0.737765] Segment Routing with IPv6
[    0.738610] NET: Registered protocol family 17
[    0.739677] Key type dns_resolver registered
[    0.740948] mce: Using 0 MCE banks
[    0.741703] RAS: Correctable Errors collector initialized.
[    0.742841] sched_clock: Marking stable (740909079, 0)->(946933837, -206024758)
[    0.745194] registered taskstats version 1
[    0.746071] Loading compiled-in X.509 certificates
[    0.749393] Loaded X.509 cert 'Build time autogenerated kernel key: 993aedfcb7091aab7364eeb95e85a8dab512d887'
[    0.751665] zswap: loaded using pool lzo/zbud
[    0.756182] Key type big_key registered
[    0.757056] Key type trusted registered
[    0.759863] Key type encrypted registered
[    0.760833] AppArmor: AppArmor sha1 policy hashing enabled
[    0.762023] ima: No TPM chip found, activating TPM-bypass! (rc=-19)
[    0.763304] ima: Allocated hash algorithm: sha1
[    0.764431] evm: HMAC attrs: 0x1
[    0.765334]   Magic number: 4:661:695
[    0.766380] pci 0000:00:00.0: hash matches
[    0.767366] rtc_cmos rtc_cmos: setting system clock to 2020-09-08 18:41:22 UTC (1599590482)
[    0.769407] BIOS EDD facility v0.16 2004-Jun-25, 0 devices found
[    0.771634] EDD information not available.
[    0.886995] Freeing unused kernel image memory: 2436K
[    0.896881] Write protecting the kernel read-only data: 20480k
[    0.899016] Freeing unused kernel image memory: 2008K
[    0.900649] Freeing unused kernel image memory: 1872K
[    0.910970] x86/mm: Checked W+X mappings: passed, no W+X pages found.
[    0.912679] x86/mm: Checking user space page tables
[    0.922890] x86/mm: Checked W+X mappings: passed, no W+X pages found.
Loading, please wait...
starting version 237
[    0.993617] e1000: Intel(R) PRO/1000 Network Driver - version 7.3.21-k8-NAPI
[    0.995107] e1000: Copyright (c) 1999-2006 Intel Corporation.
[    0.999768] Fusion MPT base driver 3.04.20
[    1.000794] Copyright (c) 1999-2008 LSI Corporation
[    1.013815] Fusion MPT SPI Host driver 3.04.20
[    1.017914] AVX2 version of gcm_enc/dec engaged.
[    1.018895] AES CTR mode by8 optimization enabled
[    1.204116] input: ImExPS/2 Generic Explorer Mouse as /devices/platform/i8042/serio1/input/input4
[    1.676903] e1000 0000:00:03.0 eth0: (PCI:33MHz:32-bit) 02:aa:c1:7f:62:79
[    1.678184] e1000 0000:00:03.0 eth0: Intel(R) PRO/1000 Network Connection
[    1.680385] mptbase: ioc0: Initiating bringup
[    1.682035] e1000 0000:00:03.0 enp0s3: renamed from eth0
[    2.108726] ioc0: LSI53C1030 A0: Capabilities={Initiator}
[    5.182988] scsi host2: ioc0: LSI53C1030 A0, FwRev=00000000h, Ports=1, MaxQ=256, IRQ=20
[    7.173938] scsi 2:0:0:0: Direct-Access     VBOX     HARDDISK         1.0  PQ: 0 ANSI: 5
[    8.096210] scsi target2:0:0: Beginning Domain Validation
[    8.100385] scsi target2:0:0: Domain Validation skipping write tests
[    8.101995] scsi target2:0:0: Ending Domain Validation
[    8.103186] scsi target2:0:0: asynchronous
[    8.104558] scsi 2:0:1:0: Direct-Access     VBOX     HARDDISK         1.0  PQ: 0 ANSI: 5
[    8.680642] scsi target2:0:1: Beginning Domain Validation
[    8.684437] random: fast init done
[    8.686079] scsi target2:0:1: Domain Validation skipping write tests
[    8.687592] scsi target2:0:1: Ending Domain Validation
[    8.688776] scsi target2:0:1: asynchronous
[    8.693796] random: systemd-udevd: uninitialized urandom read (16 bytes read)
[    8.695237] random: systemd-udevd: uninitialized urandom read (16 bytes read)
[    8.696658] random: systemd-udevd: uninitialized urandom read (16 bytes read)
[    8.698454] sd 2:0:0:0: Attached scsi generic sg0 type 0
[    8.699692] sd 2:0:0:0: [sda] 20971520 512-byte logical blocks: (10.7 GB/10.0 GiB)
[    8.701378] sd 2:0:1:0: Attached scsi generic sg1 type 0
[    8.701381] sd 2:0:0:0: [sda] Write Protect is off
[    8.703611] sd 2:0:1:0: [sdb] 20480 512-byte logical blocks: (10.5 MB/10.0 MiB)
[    8.705282] sd 2:0:0:0: [sda] Incomplete mode parameter data
[    8.706331] sd 2:0:0:0: [sda] Assuming drive cache: write through
[    8.707673] sd 2:0:1:0: [sdb] Write Protect is off
[    8.708875] sd 2:0:1:0: [sdb] Incomplete mode parameter data
[    8.710927] sd 2:0:1:0: [sdb] Assuming drive cache: write through
[    8.714066]  sda: sda1
[    8.715593] sd 2:0:0:0: [sda] Attached SCSI disk
[    8.718300] sd 2:0:1:0: [sdb] Attached SCSI disk
Begin: Loading essential drivers ... [   10.644688] raid6: sse2x1   gen() 11701 MB/s
[   10.692605] raid6: sse2x1   xor()  8713 MB/s
[   10.740386] raid6: sse2x2   gen() 14614 MB/s
[   10.788192] raid6: sse2x2   xor()  9836 MB/s
[   10.836020] raid6: sse2x4   gen() 16359 MB/s
[   10.884807] raid6: sse2x4   xor() 10571 MB/s
[   10.932681] raid6: avx2x1   gen() 23491 MB/s
[   10.980443] raid6: avx2x1   xor() 15752 MB/s
[   11.030202] raid6: avx2x2   gen() 23333 MB/s
[   11.076109] raid6: avx2x2   xor() 18047 MB/s
[   11.124023] raid6: avx2x4   gen() 32082 MB/s
[   11.172736] raid6: avx2x4   xor() 20188 MB/s
[   11.173667] raid6: using algorithm avx2x4 gen() 32082 MB/s
[   11.174808] raid6: .... xor() 20188 MB/s, rmw enabled
[   11.175977] raid6: using avx2x2 recovery algorithm
[   11.178199] xor: automatically using best checksumming function   avx       
[   11.180727] async_tx: api initialized (async)
done.
Begin: Running /scripts/init-premount ... done.
Begin: Mounting root file system ... Begin: Running /scripts/local-top ... done.
Begin: Running /scripts/local-premount ... [   11.223228] Btrfs loaded, crc32c=crc32c-intel
Scanning for Btrfs filesystems
done.
Warning: fsck not present, so skipping root file system
[   11.257909] EXT4-fs (sda1): mounted filesystem with ordered data mode. Opts: (null)
done.
Begin: Running /scripts/local-bottom ... done.
Begin: Running /scripts/init-bottom ... done.
[   11.455655] ip_tables: (C) 2000-2006 Netfilter Core Team
[   11.466042] systemd[1]: systemd 237 running in system mode. (+PAM +AUDIT +SELINUX +IMA +APPARMOR +SMACK +SYSVINIT +UTMP +LIBCRYPTSETUP +GCRYPT +GNUTLS +ACL +XZ +LZ4 +SECCOMP +BLKID +ELFUTILS +KMOD -IDN2 +IDN -PCRE2 default-hierarchy=hybrid)
[   11.470579] systemd[1]: Detected virtualization oracle.
[   11.471658] systemd[1]: Detected architecture x86-64.

Welcome to [1mUbuntu 18.04.5 LTS[0m!

[   11.489482] systemd[1]: Set hostname to <ubuntu>.
[   11.495725] systemd[1]: Initializing machine ID from random generator.
[   11.498400] systemd[1]: Installed transient /etc/machine-id file.
[   11.799152] systemd[1]: Set up automount Arbitrary Executable File Formats File System Automount Point.
[[0;32m  OK  [0m] Set up automount Arbitrary Executab…rmats File System Automount Point.
[   11.814291] systemd[1]: Created slice User and Session Slice.
[[0;32m  OK  [0m] Created slice User and Session Slice.
[   11.824284] systemd[1]: Reached target System Time Synchronized.
[[0;32m  OK  [0m] Reached target System Time Synchronized.
[   11.836480] systemd[1]: Started Forward Password Requests to Wall Directory Watch.
[[0;32m  OK  [0m] Started Forward Password Requests to Wall Directory Watch.
[[0;32m  OK  [0m] Created slice System Slice.
[[0;32m  OK  [0m] Listening on udev Kernel Socket.
[[0;32m  OK  [0m] Listening on Journal Socket (/dev/log).
[[0;32m  OK  [0m] Listening on udev Control Socket.
[[0;32m  OK  [0m] Listening on Network Service Netlink Socket.
[[0;32m  OK  [0m] Listening on Journal Socket.
         Mounting Kernel Debug File System...
         Starting Create list of required st…ce nodes for the current kernel...
         Mounting POSIX Message Queue File System...
         Starting Uncomplicated firewall...
[[0;32m  OK  [0m] Listening on Device-mapper event daemon FIFOs.
[[0;32m  OK  [0m] Reached target Swap.
[[0;32m  OK  [0m] Created slice system-serial\x2dgetty.slice.
         Starting Load Kernel Modules...
         Starting Remount Root and Kernel File Systems...
         Starting udev Coldplug all Devices...
[[0;32m  OK  [0m] Listening on Syslog Socket.
[   11.946300] Loading iSCSI transport class v2.0-870.
         Starting Set the console keyboard layout...
[[0;32m  OK  [0m] Listening on /dev/initctl Compatibility Named Pipe.
[[0;32m  OK  [0m] Reached target User and Group Name Lookups.
[[0;32m  OK  [0m] Reached target Slices.
[[0;32m  OK  [0m] Listening on Journal Audit Socket.
[   11.958403] iscsi: registered transport (tcp)
         Starting Journal Service...
         Mounting Huge Pages File System...
[[0;32m  OK  [0m] Listening on LVM2 poll daemon socket.
[   11.980240] iscsi: registered transport (iser)
[[0;32m  OK  [0m] Listening on LVM2 metadata daemon socket.
         Starting Monitoring of LVM2 mirrors…ng dmeventd or progress polling...
[[0;32m  OK  [0m] Mounted Kernel Debug File System.
[[0;32m  OK  [0m] Started Create list of required sta…vice nodes for the current kernel.
[[0;32m  OK  [0m] Mounted POSIX Message Queue File System.
[[0;32m  OK  [0m] Started Uncomplicated firewall.
[[0;32m  OK  [0m] Started Load Kernel Modules.
[[0;32m  OK  [0m] Mounted Huge Pages File System.
[   12.040595] EXT4-fs (sda1): re-mounted. Opts: (null)
[[0;32m  OK  [0m] Started Journal Service.
[[0;32m  OK  [0m] Started Remount Root and Kernel File Systems.
         Starting Load/Save Random Seed...
         Starting Flush Journal to Persistent Storage...
         Starting Apply Kernel Variables...
         Mounting Kernel Configuration File System...
         Mounting FUSE Control File System...
         Starting Create Static Device Nodes in /dev...
[[0;32m  OK  [0m] Started udev Coldplug all Devices.
[[0;32m  OK  [0m] Started Load/Save Random Seed.
[[0;32m  OK  [0m] Mounted Kernel Configuration File System.
[[0;32m  OK  [0m] Mounted FUSE Control File System.
[[0;32m  OK  [0m] Started Apply Kernel Variables.
[[0;32m  OK  [0m] Started Create Static Device Nodes in /dev.
[[0;32m  OK  [0m] Started LVM2 metadata daemon.
         Starting udev Kernel Device Manager...
[[0;32m  OK  [0m] Started Monitoring of LVM2 mirrors,…sing dmeventd or progress polling.
[[0;32m  OK  [0m] Started udev Kernel Device Manager.
[[0;32m  OK  [0m] Started Set the console keyboard layout.
[[0;32m  OK  [0m] Reached target Local File Systems (Pre).
[[0;32m  OK  [0m] Reached target Local File Systems.
         Starting ebtables ruleset management...
         Starting Tell Plymouth To Write Out Runtime Data...
         Starting Set console font and keymap...
         Starting AppArmor initialization...
         Starting Commit a transient machine-id on disk...
[[0;32m  OK  [0m] Started Dispatch Password Requests to Console Directory Watch.
[[0;32m  OK  [0m] Reached target Local Encrypted Volumes.
[[0;32m  OK  [0m] Started Flush Journal to Persistent Storage.
[[0;32m  OK  [0m] Started Tell Plymouth To Write Out Runtime Data.
[[0;32m  OK  [0m] Started Set console font and keymap.
         Starting Create Volatile Files and Directories...
[[0;32m  OK  [0m] Started Create Volatile Files and Directories.
         Starting Update UTMP about System Boot/Shutdown...
[[0;32m  OK  [0m] Started Update UTMP about System Boot/Shutdown.
[[0;32m  OK  [0m] Started Commit a transient machine-id on disk.
[[0;32m  OK  [0m] Started ebtables ruleset management.
[[0;32m  OK  [0m] Found device /dev/ttyS0.
[[0;32m  OK  [0m] Listening on Load/Save RF Kill Switch Status /dev/rfkill Watch.
[[0;32m  OK  [0m] Started AppArmor initialization.
         Starting Load AppArmor profiles managed internally by snapd...
         Starting Initial cloud-init job (pre-networking)...
[[0;32m  OK  [0m] Started Load AppArmor profiles managed internally by snapd.
[   15.635954] cloud-init[570]: Cloud-init v. 20.2-45-g5f7825e2-0ubuntu1~18.04.1 running 'init-local' at Tue, 08 Sep 2020 18:41:36 +0000. Up 15.19 seconds.
[[0;32m  OK  [0m] Started Initial cloud-init job (pre-networking).
[[0;32m  OK  [0m] Reached target Network (Pre).
         Starting Network Service...
[[0;32m  OK  [0m] Started Network Service.
         Starting Network Name Resolution...
         Starting Wait for Network to be Configured...
[[0;32m  OK  [0m] Started Network Name Resolution.
[[0;32m  OK  [0m] Reached target Host and Network Name Lookups.
[[0;32m  OK  [0m] Reached target Network.
[[0;32m  OK  [0m] Started Wait for Network to be Configured.
         Starting Initial cloud-init job (metadata service crawler)...
[   17.983834] cloud-init[687]: Cloud-init v. 20.2-45-g5f7825e2-0ubuntu1~18.04.1 running 'init' at Tue, 08 Sep 2020 18:41:39 +0000. Up 17.78 seconds.
[   17.996707] cloud-init[687]: ci-info: ++++++++++++++++++++++++++++++++++++++Net device info++++++++++++++++++++++++++++++++++++++
[   17.998247] cloud-init[687]: ci-info: +--------+------+----------------------------+---------------+--------+-------------------+
[   17.999349] cloud-init[687]: ci-info: | Device |  Up  |          Address           |      Mask     | Scope  |     Hw-Address    |
[   18.012232] cloud-init[687]: ci-info: +--------+------+----------------------------+---------------+--------+-------------------+
[   18.013524] cloud-init[687]: ci-info: | enp0s3 | True |         10.0.2.15          | 255.255.255.0 | global | 02:aa:c1:7f:62:79 |
[   18.014573] cloud-init[687]: ci-info: | enp0s3 | True | fe80::aa:c1ff:fe7f:6279/64 |       .       |  link  | 02:aa:c1:7f:62:79 |
[   18.015727] cloud-init[687]: ci-info: |   lo   | True |         127.0.0.1          |   255.0.0.0   |  host  |         .         |
[   18.016951] cloud-init[687]: ci-info: |   lo   | True |          ::1/128           |       .       |  host  |         .         |
[   18.017982] cloud-init[687]: ci-info: +--------+------+----------------------------+---------------+--------+-------------------+
[   18.019107] cloud-init[687]: ci-info: ++++++++++++++++++++++++++++Route IPv4 info+++++++++++++++++++++++++++++
[   18.032227] cloud-init[687]: ci-info: +-------+-------------+----------+-----------------+-----------+-------+
[   18.044296] cloud-init[687]: ci-info: | Route | Destination | Gateway  |     Genmask     | Interface | Flags |
[   18.045680] cloud-init[687]: ci-info: +-------+-------------+----------+-----------------+-----------+-------+
[   18.046961] cloud-init[687]: ci-info: |   0   |   0.0.0.0   | 10.0.2.2 |     0.0.0.0     |   enp0s3  |   UG  |
[   18.048306] cloud-init[687]: ci-info: |   1   |   10.0.2.0  | 0.0.0.0  |  255.255.255.0  |   enp0s3  |   U   |
[   18.049840] cloud-init[687]: ci-info: |   2   |   10.0.2.2  | 0.0.0.0  | 255.255.255.255 |   enp0s3  |   UH  |
[   18.060676] cloud-init[687]: ci-info: +-------+-------------+----------+-----------------+-----------+-------+
[   18.072309] cloud-init[687]: ci-info: +++++++++++++++++++Route IPv6 info+++++++++++++++++++
[   18.073067] cloud-init[687]: ci-info: +-------+-------------+---------+-----------+-------+
[   18.074164] cloud-init[687]: ci-info: | Route | Destination | Gateway | Interface | Flags |
[   18.075307] cloud-init[687]: ci-info: +-------+-------------+---------+-----------+-------+
[   18.076530] cloud-init[687]: ci-info: |   1   |  fe80::/64  |    ::   |   enp0s3  |   U   |
[   18.077731] cloud-init[687]: ci-info: |   3   |    local    |    ::   |   enp0s3  |   U   |
[   18.078831] cloud-init[687]: ci-info: |   4   |   ff00::/8  |    ::   |   enp0s3  |   U   |
[   18.079892] cloud-init[687]: ci-info: +-------+-------------+---------+-----------+-------+
[   18.599296] cloud-init[687]: Generating public/private rsa key pair.
[   18.608264] cloud-init[687]: Your identification has been saved in /etc/ssh/ssh_host_rsa_key.
[   18.620956] cloud-init[687]: Your public key has been saved in /etc/ssh/ssh_host_rsa_key.pub.
[   18.621701] cloud-init[687]: The key fingerprint is:
[   18.632684] cloud-init[687]: SHA256:7jTKXzoq1n+NglLjYMi/yFdqrAGyOpalsUbkbe0UhGY root@ubuntu-bionic
[   18.633587] cloud-init[687]: The key's randomart image is:
[   18.634144] cloud-init[687]: +---[RSA 2048]----+
[   18.634568] cloud-init[687]: |    .            |
[   18.635009] cloud-init[687]: |   E .           |
[   18.644401] cloud-init[687]: |  o .            |
[   18.644881] cloud-init[687]: | .   .           |
[[0;32m  OK  [0m] Started Initial cloud-init job (metadata service crawler).
[[0;32m  OK  [0m] Reached target Network is Online.
[   18.662536] cloud-init[687]: |=.... . S        |
[   18.663709] cloud-init[687]: |.*o+oo+.         |
[   18.664783] cloud-init[687]: |o O+oB o+ .o     |
[   18.665142] cloud-init[687]: |oB oXo++o+o .    |
[   18.665609] cloud-init[687]: |+.+=.+++=+       |
[   18.666509]          Starting Availability of block devices...
[[0;32m  OK  [0m] Reached target Remote File Systems (Pre).
[[0;32m  OK  [0m] Reached target Remote File Systems.cloud-init[687]: +----[SHA256]-----+
[   18.669478] cloud-init[687]: Generating public/private dsa key pair.
[   18.669938] cloud-init[687]: Your identification has been saved in /etc/ssh/ssh_host_dsa_key.
[   18.670384] cloud-init[687]: Your public key has been saved in /etc/ssh/ssh_host_dsa_key.pub.
[   18.670860] cloud-init[687]: The key fingerprint is:
[   18.671295] cloud-init[687]: SHA256:JKzH5IoB4u78k4qhb0jY414+R3ESqE3qwEjxCoZxM4g root@ubuntu-bionic
[   18.671792] cloud-init[687]: The key's randomart image is:
[   18.672407] cloud-init[687]: +---[DSA 1024]----+
[   18.672908] cloud-init[687]: |oo=  .           |
[   18.673347] cloud-init[687]: |E+.oo..          |
[   18.673798] cloud-init[687]: |O. *  +..        |
[   18.674236] cloud-init[687]: |Bo+ .=oo.        |
[   18.674688] cloud-init[687]: |.*. . ++S        |
[   18.675124] cloud-init[687]: |o.+o o.          |
[   18.675613] cloud-init[687]: |o+..+.           |
[   18.676210] cloud-init[687]: |*.o=. .          |
[   18.676687] cloud-init[687]: |oB=.oo           |
[   18.677121] cloud-init[687]: +----[SHA256]-----+
[   18.677770] cloud-init[687]: Generating public/private ecdsa key pair.
[   18.678206] cloud-init[687]: Your identification has been saved in /etc/ssh/ssh_host_ecdsa_key.
[   18.688368] cloud-init[687]: Your public key has been saved in /etc/ssh/ssh_host_ecdsa_key.pub.
[   18.690590] cloud-init[687]: The key fingerprint is:
[   18.690909] cloud-init[687]: SHA256:QYbFOkcawIzsBDou8hNhg9IE3vtIa8CrbAvjNAroyq0 root@ubuntu-bionic
[   18.691209] cloud-init[687]: The key's randomart image is:
[   18.691390] cloud-init[687]: +---[ECDSA 256]---+
[   18.691457] cloud-init[687]: |o+.+.. ++        |
[   18.691518] cloud-init[687]: |o+= o ooo        |
[   18.691577] cloud-init[687]: |=+=.   =.        |
[   18.691695] cloud-init[687]: |+o.o. + ..       |
[   18.692257] cloud-init[687]: |o+.o   oS        |
[   18.692552] cloud-init[687]: |+.+.+            |
[   18.692617] cloud-init[687]: |=+o+ .           |
[   18.692683] cloud-init[687]: |@o+.             |
[   18.692736] cloud-init[687]: |*Eo.             |
[   18.692795] cloud-init[687]: +----[SHA256]-----+
[   18.692854] cloud-init[687]: Generating public/private ed25519 key pair.
[   18.693258] cloud-init[687]: Your identification has been saved in /etc/ssh/ssh_host_ed25519_key.
[   18.693298] cloud-init[687]: Your public key has been saved in /etc/ssh/ssh_host_ed25519_key.pub.
[   18.693355] cloud-init[687]: The key fingerprint is:
[   18.693454] cloud-init[687]: SHA256:oqzgw2KnR4rACUMnjoE+YfMNXuDf0Cve8FEcqkW5Bj4 root@ubuntu-bionic
[   18.693777] cloud-init[687]: The key's randomart image is:
[   18.694115] cloud-init[687]: +--[ED25519 256]--+
[   18.694294] cloud-init[687]: |.  ..  ...       |
[   18.694411] cloud-init[687]: |o*.o oo.o .      |
[   18.694597] cloud-init[687]: |*.B.=..+.o       |
[   18.695078] cloud-init[687]: |++ o.E=oo        |
[   18.695264] cloud-init[687]: |o.o  =++S        |
[   18.695395] cloud-init[687]: |.o o..=..        |
[   18.695530] cloud-init[687]: |= o o. o         |
[   18.695652] cloud-init[687]: |+* +             |
[   18.696076] cloud-init[687]: |oo*              |
[   18.696305] cloud-init[687]: +----[SHA256]-----+

[[0;32m  OK  [0m] Reached target Cloud-config availability.
[[0;32m  OK  [0m] Reached target System Initialization.
[[0;32m  OK  [0m] Listening on D-Bus System Message Bus Socket.
[[0;32m  OK  [0m] Listening on UUID daemon activation socket.
         Starting Socket activation for snappy daemon.
[[0;32m  OK  [0m] Listening on Open-iSCSI iscsid Socket.
[[0;32m  OK  [0m] Listening on ACPID Listen Socket.
[[0;32m  OK  [0m] Started Discard unused blocks once a week.
[[0;32m  OK  [0m] Started ACPI Events Check.
[[0;32m  OK  [0m] Reached target Paths.
[[0;32m  OK  [0m] Started Message of the Day.
[[0;32m  OK  [0m] Started Daily Cleanup of Temporary Directories.
         Starting LXD - unix socket.
[[0;32m  OK  [0m] Started Daily apt download activities.
[[0;32m  OK  [0m] Started Daily apt upgrade and clean activities.
[[0;32m  OK  [0m] Reached target Timers.
[[0;32m  OK  [0m] Started Availability of block devices.
[[0;32m  OK  [0m] Listening on Socket activation for snappy daemon.
[[0;32m  OK  [0m] Listening on LXD - unix socket.
[[0;32m  OK  [0m] Reached target Sockets.
[[0;32m  OK  [0m] Reached target Basic System.
         Starting Permit User Sessions...
         Starting Accounts Service...
         Starting Pollinate to seed the pseudo random number generator...
[[0;32m  OK  [0m] Started Deferred execution scheduler.
[[0;32m  OK  [0m] Started FUSE filesystem for LXC.
[[0;32m  OK  [0m] Started irqbalance daemon.
         Starting LSB: Record successful boot for GRUB...
         Starting Dispatcher daemon for systemd-networkd...
         Starting System Logging Service...
[[0;32m  OK  [0m] Started D-Bus System Message Bus.
         Starting LXD - container startup/shutdown...
         Starting Virtualbox guest utils...
         Starting LSB: automatic crash report generation...
         Starting Login Service...
[[0;32m  OK  [0m] Started Regular background program processing daemon.
         Starting Snap Daemon...
[[0;32m  OK  [0m] Started System Logging Service.
[[0;32m  OK  [0m] Started Permit User Sessions.
[[0;32m  OK  [0m] Started Login Service.
[[0;32m  OK  [0m] Started Unattended Upgrades Shutdown.
         Starting Authorization Manager...
         Starting Terminate Plymouth Boot Screen...
         Starting Hold until boot process finishes up...
[[0;32m  OK  [0m] Started Terminate Plymouth Boot Screen.
[[0;32m  OK  [0m] Started Hold until boot process finishes up.
         Starting Set console scheme...
[[0;32m  OK  [0m] Started Serial Getty on ttyS0.
[[0;32m  OK  [0m] Started Authorization Manager.
[[0;32m  OK  [0m] Started Accounts Service.
[[0;32m  OK  [0m] Started LSB: automatic crash report generation.
[[0;32m  OK  [0m] Started Dispatcher daemon for systemd-networkd.
[[0;32m  OK  [0m] Started Set console scheme.
[[0;32m  OK  [0m] Created slice system-getty.slice.
[[0;32m  OK  [0m] Started Getty on tty1.
[[0;32m  OK  [0m] Reached target Login Prompts.
[[0;32m  OK  [0m] Started LXD - container startup/shutdown.
[[0;32m  OK  [0m] Started Virtualbox guest utils.
[[0;32m  OK  [0m] Started LSB: Record successful boot for GRUB.
[[0;32m  OK  [0m] Started Snap Daemon.
         Starting Wait until snapd is fully seeded...
[[0;32m  OK  [0m] Started Pollinate to seed the pseudo random number generator.
         Starting OpenBSD Secure Shell server...
[[0;32m  OK  [0m] Started OpenBSD Secure Shell server.
[[0;32m  OK  [0m] Created slice User Slice of vagrant.
[[0;32m  OK  [0m] Started Session 1 of user vagrant.
         Starting User Manager for UID 1000...
[[0;32m  OK  [0m] Started User Manager for UID 1000.

Ubuntu 18.04.5 LTS ubuntu-bionic ttyS0

ubuntu-bionic login: [   26.491914] cloud-init[1582]: Cloud-init v. 20.2-45-g5f7825e2-0ubuntu1~18.04.1 running 'modules:config' at Tue, 08 Sep 2020 18:41:47 +0000. Up 25.92 seconds.
ci-info: no authorized SSH keys fingerprints found for user ubuntu.
<14>Sep  8 18:41:48 ec2: 
<14>Sep  8 18:41:48 ec2: #############################################################
<14>Sep  8 18:41:48 ec2: -----BEGIN SSH HOST KEY FINGERPRINTS-----
<14>Sep  8 18:41:48 ec2: 1024 SHA256:JKzH5IoB4u78k4qhb0jY414+R3ESqE3qwEjxCoZxM4g root@ubuntu-bionic (DSA)
<14>Sep  8 18:41:48 ec2: 256 SHA256:QYbFOkcawIzsBDou8hNhg9IE3vtIa8CrbAvjNAroyq0 root@ubuntu-bionic (ECDSA)
<14>Sep  8 18:41:48 ec2: 256 SHA256:oqzgw2KnR4rACUMnjoE+YfMNXuDf0Cve8FEcqkW5Bj4 root@ubuntu-bionic (ED25519)
<14>Sep  8 18:41:48 ec2: 2048 SHA256:7jTKXzoq1n+NglLjYMi/yFdqrAGyOpalsUbkbe0UhGY root@ubuntu-bionic (RSA)
<14>Sep  8 18:41:48 ec2: -----END SSH HOST KEY FINGERPRINTS-----
<14>Sep  8 18:41:48 ec2: #############################################################
-----BEGIN SSH HOST KEY KEYS-----
ecdsa-sha2-nistp256 AAAAE2VjZHNhLXNoYTItbmlzdHAyNTYAAAAIbmlzdHAyNTYAAABBBEAkineaUYKENN9MbVBeZ90K/eUtNH9b6yWJjrIekdagM4lehHA9gfEVBWXzX9w+6aif7TJmHqWZVFtGz6gSNyg= root@ubuntu-bionic
ssh-ed25519 AAAAC3NzaC1lZDI1NTE5AAAAICFGB21SZFdU3H0/T1TIOAXIUbHEuxSv9I8lD0X9zSY4 root@ubuntu-bionic
ssh-rsa AAAAB3NzaC1yc2EAAAADAQABAAABAQDHcc9OAQRRznY3KzWtr6ceJ215aBWUN2t7V7mrjsGUxbIw9lo7CwJ0ACIDy73D21eWcmoXehbvkbORyFLuZekOFdk8GVxTak+Ojb93EKRUs8zVeKFaNCWl2P5hAMpORhFhKpEmUYXkeRmDTKn1pWyPmlB/kHUU2xd835d1vOrqM4QM40+21Wupv/LADQqGQESW2byfjeaKFgIt8zL7RmzXI3nbhhsqu3AAtpLWUry5276akpk2r/ihRkgU9MmRh1Wus92rWCYXefgzRl2xCUXuLYsBjpQ8HkS5o+SWEBCMRlN3rK3f2C35+g9TYE2fg42rSMBQ4+cdq/9Cel6HG1SN root@ubuntu-bionic
-----END SSH HOST KEY KEYS-----
[   27.267727] cloud-init[1711]: Cloud-init v. 20.2-45-g5f7825e2-0ubuntu1~18.04.1 running 'modules:final' at Tue, 08 Sep 2020 18:41:48 +0000. Up 27.09 seconds.
[   27.267800] cloud-init[1711]: ci-info: no authorized SSH keys fingerprints found for user ubuntu.
[   27.267862] cloud-init[1711]: Cloud-init v. 20.2-45-g5f7825e2-0ubuntu1~18.04.1 finished at Tue, 08 Sep 2020 18:41:48 +0000. Datasource DataSourceNoCloud [seed=/dev/sdb][dsmode=net].  Up 27.25 seconds
